
Circuit 1 cell sky130_fd_pr__pfet_g5v0d10v5 and Circuit 2 cell sky130_fd_pr__pfet_g5v0d10v5 are black boxes.
Warning: Equate pins:  cell sky130_fd_pr__pfet_g5v0d10v5 is a placeholder, treated as a black box.
Warning: Equate pins:  cell sky130_fd_pr__pfet_g5v0d10v5 is a placeholder, treated as a black box.

Subcircuit pins:
Circuit 1: sky130_fd_pr__pfet_g5v0d10v5    |Circuit 2: sky130_fd_pr__pfet_g5v0d10v5    
-------------------------------------------|-------------------------------------------
1                                          |1                                          
2                                          |2                                          
3                                          |3                                          
4                                          |4                                          
---------------------------------------------------------------------------------------
Cell pin lists are equivalent.
Device classes sky130_fd_pr__pfet_g5v0d10v5 and sky130_fd_pr__pfet_g5v0d10v5 are equivalent.

Circuit 1 cell sky130_fd_pr__nfet_g5v0d10v5 and Circuit 2 cell sky130_fd_pr__nfet_g5v0d10v5 are black boxes.
Warning: Equate pins:  cell sky130_fd_pr__nfet_g5v0d10v5 is a placeholder, treated as a black box.
Warning: Equate pins:  cell sky130_fd_pr__nfet_g5v0d10v5 is a placeholder, treated as a black box.

Subcircuit pins:
Circuit 1: sky130_fd_pr__nfet_g5v0d10v5    |Circuit 2: sky130_fd_pr__nfet_g5v0d10v5    
-------------------------------------------|-------------------------------------------
1                                          |1                                          
2                                          |2                                          
3                                          |3                                          
4                                          |4                                          
---------------------------------------------------------------------------------------
Cell pin lists are equivalent.
Device classes sky130_fd_pr__nfet_g5v0d10v5 and sky130_fd_pr__nfet_g5v0d10v5 are equivalent.

Circuit 1 cell sky130_fd_pr__diode_pw2nd_05v5 and Circuit 2 cell sky130_fd_pr__diode_pw2nd_05v5 are black boxes.
Warning: Equate pins:  cell sky130_fd_pr__diode_pw2nd_05v5 is a placeholder, treated as a black box.
Warning: Equate pins:  cell sky130_fd_pr__diode_pw2nd_05v5 is a placeholder, treated as a black box.

Subcircuit pins:
Circuit 1: sky130_fd_pr__diode_pw2nd_05v5  |Circuit 2: sky130_fd_pr__diode_pw2nd_05v5  
-------------------------------------------|-------------------------------------------
1                                          |1                                          
2                                          |2                                          
---------------------------------------------------------------------------------------
Cell pin lists are equivalent.
Device classes sky130_fd_pr__diode_pw2nd_05v5 and sky130_fd_pr__diode_pw2nd_05v5 are equivalent.

Circuit 1 cell sky130_fd_pr__res_xhigh_po_0p35 and Circuit 2 cell sky130_fd_pr__res_xhigh_po_0p35 are black boxes.
Warning: Equate pins:  cell sky130_fd_pr__res_xhigh_po_0p35 is a placeholder, treated as a black box.
Warning: Equate pins:  cell sky130_fd_pr__res_xhigh_po_0p35 is a placeholder, treated as a black box.

Subcircuit pins:
Circuit 1: sky130_fd_pr__res_xhigh_po_0p35 |Circuit 2: sky130_fd_pr__res_xhigh_po_0p35 
-------------------------------------------|-------------------------------------------
1                                          |1                                          
2                                          |2                                          
3                                          |3                                          
---------------------------------------------------------------------------------------
Cell pin lists are equivalent.
Device classes sky130_fd_pr__res_xhigh_po_0p35 and sky130_fd_pr__res_xhigh_po_0p35 are equivalent.

Circuit 1 cell sky130_fd_pr__nfet_05v0_nvt and Circuit 2 cell sky130_fd_pr__nfet_05v0_nvt are black boxes.
Warning: Equate pins:  cell sky130_fd_pr__nfet_05v0_nvt is a placeholder, treated as a black box.
Warning: Equate pins:  cell sky130_fd_pr__nfet_05v0_nvt is a placeholder, treated as a black box.

Subcircuit pins:
Circuit 1: sky130_fd_pr__nfet_05v0_nvt     |Circuit 2: sky130_fd_pr__nfet_05v0_nvt     
-------------------------------------------|-------------------------------------------
1                                          |1                                          
2                                          |2                                          
3                                          |3                                          
4                                          |4                                          
---------------------------------------------------------------------------------------
Cell pin lists are equivalent.
Device classes sky130_fd_pr__nfet_05v0_nvt and sky130_fd_pr__nfet_05v0_nvt are equivalent.

Circuit 1 cell sky130_fd_pr__cap_mim_m3_1 and Circuit 2 cell sky130_fd_pr__cap_mim_m3_1 are black boxes.
Warning: Equate pins:  cell sky130_fd_pr__cap_mim_m3_1 is a placeholder, treated as a black box.
Warning: Equate pins:  cell sky130_fd_pr__cap_mim_m3_1 is a placeholder, treated as a black box.

Subcircuit pins:
Circuit 1: sky130_fd_pr__cap_mim_m3_1      |Circuit 2: sky130_fd_pr__cap_mim_m3_1      
-------------------------------------------|-------------------------------------------
1                                          |1                                          
2                                          |2                                          
---------------------------------------------------------------------------------------
Cell pin lists are equivalent.
Device classes sky130_fd_pr__cap_mim_m3_1 and sky130_fd_pr__cap_mim_m3_1 are equivalent.

Circuit 1 cell sky130_fd_pr__cap_mim_m3_2 and Circuit 2 cell sky130_fd_pr__cap_mim_m3_2 are black boxes.
Warning: Equate pins:  cell sky130_fd_pr__cap_mim_m3_2 is a placeholder, treated as a black box.
Warning: Equate pins:  cell sky130_fd_pr__cap_mim_m3_2 is a placeholder, treated as a black box.

Subcircuit pins:
Circuit 1: sky130_fd_pr__cap_mim_m3_2      |Circuit 2: sky130_fd_pr__cap_mim_m3_2      
-------------------------------------------|-------------------------------------------
1                                          |1                                          
2                                          |2                                          
---------------------------------------------------------------------------------------
Cell pin lists are equivalent.
Device classes sky130_fd_pr__cap_mim_m3_2 and sky130_fd_pr__cap_mim_m3_2 are equivalent.

Circuit 1 cell sky130_fd_pr__nfet_01v8 and Circuit 2 cell sky130_fd_pr__nfet_01v8 are black boxes.
Warning: Equate pins:  cell sky130_fd_pr__nfet_01v8 is a placeholder, treated as a black box.
Warning: Equate pins:  cell sky130_fd_pr__nfet_01v8 is a placeholder, treated as a black box.

Subcircuit pins:
Circuit 1: sky130_fd_pr__nfet_01v8         |Circuit 2: sky130_fd_pr__nfet_01v8         
-------------------------------------------|-------------------------------------------
1                                          |1                                          
2                                          |2                                          
3                                          |3                                          
4                                          |4                                          
---------------------------------------------------------------------------------------
Cell pin lists are equivalent.
Device classes sky130_fd_pr__nfet_01v8 and sky130_fd_pr__nfet_01v8 are equivalent.

Circuit 1 cell sky130_fd_pr__pfet_01v8_hvt and Circuit 2 cell sky130_fd_pr__pfet_01v8_hvt are black boxes.
Warning: Equate pins:  cell sky130_fd_pr__pfet_01v8_hvt is a placeholder, treated as a black box.
Warning: Equate pins:  cell sky130_fd_pr__pfet_01v8_hvt is a placeholder, treated as a black box.

Subcircuit pins:
Circuit 1: sky130_fd_pr__pfet_01v8_hvt     |Circuit 2: sky130_fd_pr__pfet_01v8_hvt     
-------------------------------------------|-------------------------------------------
1                                          |1                                          
2                                          |2                                          
3                                          |3                                          
4                                          |4                                          
---------------------------------------------------------------------------------------
Cell pin lists are equivalent.
Device classes sky130_fd_pr__pfet_01v8_hvt and sky130_fd_pr__pfet_01v8_hvt are equivalent.
Flattening unmatched subcell sky130_fd_pr__pfet_g5v0d10v5_GTJ6Y6 in circuit balanced_switch (0)(2 instances)
Flattening unmatched subcell sky130_fd_pr__pfet_g5v0d10v5_U62SY6 in circuit balanced_switch (0)(2 instances)
Flattening unmatched subcell sky130_fd_pr__nfet_g5v0d10v5_EJGQFX in circuit balanced_switch (0)(1 instance)
Flattening unmatched subcell sky130_fd_pr__pfet_g5v0d10v5_U6NWY6 in circuit balanced_switch (0)(1 instance)
Flattening unmatched subcell sky130_fd_pr__nfet_g5v0d10v5_WSEQJ8 in circuit balanced_switch (0)(4 instances)
Flattening unmatched subcell sky130_fd_pr__diode_pw2nd_05v5_FT76RJ in circuit balanced_switch (0)(1 instance)

Class balanced_switch (0):  Merged 4 parallel devices.
Subcircuit summary:
Circuit 1: balanced_switch                 |Circuit 2: balanced_switch                 
-------------------------------------------|-------------------------------------------
sky130_fd_pr__pfet_g5v0d10v5 (8->5)        |sky130_fd_pr__pfet_g5v0d10v5 (5)           
sky130_fd_pr__nfet_g5v0d10v5 (6->5)        |sky130_fd_pr__nfet_g5v0d10v5 (5)           
sky130_fd_pr__diode_pw2nd_05v5 (1)         |sky130_fd_pr__diode_pw2nd_05v5 (1)         
Number of devices: 11                      |Number of devices: 11                      
Number of nets: 7                          |Number of nets: 7                          
---------------------------------------------------------------------------------------
Resolving symmetries by property value.
Resolving symmetries by pin name.
Netlists match uniquely.

Subcircuit pins:
Circuit 1: balanced_switch                 |Circuit 2: balanced_switch                 
-------------------------------------------|-------------------------------------------
hold                                       |hold                                       
vss                                        |vss                                        
in                                         |in                                         
out                                        |out                                        
vdd                                        |vdd                                        
---------------------------------------------------------------------------------------
Cell pin lists are equivalent.
Device classes balanced_switch and balanced_switch are equivalent.
Flattening unmatched subcell sky130_fd_pr__pfet_g5v0d10v5_AQ2WAW in circuit follower_amp (0)(1 instance)
Flattening unmatched subcell sky130_fd_pr__nfet_g5v0d10v5_UNEQFS in circuit follower_amp (0)(5 instances)
Flattening unmatched subcell sky130_fd_pr__pfet_g5v0d10v5_KLJMY6 in circuit follower_amp (0)(1 instance)
Flattening unmatched subcell sky130_fd_pr__pfet_g5v0d10v5_KLWMS5 in circuit follower_amp (0)(3 instances)
Flattening unmatched subcell sky130_fd_pr__res_xhigh_po_0p35_HLA228 in circuit follower_amp (0)(1 instance)
Flattening unmatched subcell sky130_fd_pr__nfet_g5v0d10v5_FJGQFC in circuit follower_amp (0)(1 instance)
Flattening unmatched subcell sky130_fd_pr__diode_pw2nd_05v5_FT76RJ in circuit follower_amp (0)(2 instances)
Flattening unmatched subcell sky130_fd_pr__nfet_g5v0d10v5_XJGQ2Y in circuit follower_amp (0)(1 instance)
Flattening unmatched subcell sky130_fd_pr__nfet_05v0_nvt_BH6ZTK in circuit follower_amp (0)(1 instance)
Flattening unmatched subcell sky130_fd_pr__pfet_g5v0d10v5_Z8JNCQ in circuit follower_amp (0)(1 instance)
Flattening unmatched subcell sky130_fd_pr__nfet_g5v0d10v5_H7BQFY in circuit follower_amp (0)(1 instance)
Flattening unmatched subcell sky130_fd_pr__nfet_g5v0d10v5_H7BQ24 in circuit follower_amp (0)(1 instance)

Cell follower_amp (0) disconnected node: vsub
Cell follower_amp (1) disconnected node: vsub
Class follower_amp (0):  Merged 312 parallel devices.
Class follower_amp (0):  Merged 2 series devices.
Cell follower_amp (0) disconnected node: vsub
Cell follower_amp (1) disconnected node: vsub
Subcircuit summary:
Circuit 1: follower_amp                    |Circuit 2: follower_amp                    
-------------------------------------------|-------------------------------------------
sky130_fd_pr__pfet_g5v0d10v5 (315->10)     |sky130_fd_pr__pfet_g5v0d10v5 (10)          
sky130_fd_pr__nfet_g5v0d10v5 (17->10)      |sky130_fd_pr__nfet_g5v0d10v5 (10)          
sky130_fd_pr__res_xhigh_po_0p35 (3->1)     |sky130_fd_pr__res_xhigh_po_0p35 (1)        
sky130_fd_pr__diode_pw2nd_05v5 (2)         |sky130_fd_pr__diode_pw2nd_05v5 (2)         
sky130_fd_pr__nfet_05v0_nvt (2)            |sky130_fd_pr__nfet_05v0_nvt (2)            
Number of devices: 25                      |Number of devices: 25                      
Number of nets: 17                         |Number of nets: 17                         
---------------------------------------------------------------------------------------
Netlists match uniquely.

Subcircuit pins:
Circuit 1: follower_amp                    |Circuit 2: follower_amp                    
-------------------------------------------|-------------------------------------------
in                                         |in                                         
vss                                        |vss                                        
ena                                        |ena                                        
vdd                                        |vdd                                        
out                                        |out                                        
vsub                                       |vsub                                       
---------------------------------------------------------------------------------------
Cell pin lists are equivalent.
Device classes follower_amp and follower_amp are equivalent.

Class sky130_fd_sc_hvl__lsbuflv2hv_1 (0):  Merged 8 parallel devices.
Class sky130_fd_sc_hvl__lsbuflv2hv_1 (1):  Merged 8 parallel devices.
Subcircuit summary:
Circuit 1: sky130_fd_sc_hvl__lsbuflv2hv_1  |Circuit 2: sky130_fd_sc_hvl__lsbuflv2hv_1  
-------------------------------------------|-------------------------------------------
sky130_fd_pr__nfet_g5v0d10v5 (12->4)       |sky130_fd_pr__nfet_g5v0d10v5 (12->4)       
sky130_fd_pr__pfet_g5v0d10v5 (4)           |sky130_fd_pr__pfet_g5v0d10v5 (4)           
sky130_fd_pr__nfet_01v8 (2)                |sky130_fd_pr__nfet_01v8 (2)                
sky130_fd_pr__pfet_01v8_hvt (2)            |sky130_fd_pr__pfet_01v8_hvt (2)            
Number of devices: 12                      |Number of devices: 12                      
Number of nets: 12                         |Number of nets: 12                         
---------------------------------------------------------------------------------------
Netlists match uniquely.

Subcircuit pins:
Circuit 1: sky130_fd_sc_hvl__lsbuflv2hv_1  |Circuit 2: sky130_fd_sc_hvl__lsbuflv2hv_1  
-------------------------------------------|-------------------------------------------
VPWR                                       |VPWR                                       
VPB                                        |VPB                                        
LVPWR                                      |LVPWR                                      
X                                          |X                                          
A                                          |A                                          
VGND                                       |VGND                                       
VNB                                        |VNB                                        
---------------------------------------------------------------------------------------
Cell pin lists are equivalent.
Device classes sky130_fd_sc_hvl__lsbuflv2hv_1 and sky130_fd_sc_hvl__lsbuflv2hv_1 are equivalent.
Flattening unmatched subcell sky130_fd_pr__diode_pw2nd_05v5_L93GHW in circuit sky130_ef_ip__samplehold (0)(2 instances)
Flattening unmatched subcell hold_cap_array in circuit sky130_ef_ip__samplehold (0)(1 instance)
Flattening unmatched subcell sky130_fd_pr__cap_mim_m3_1_VCAG9S_alt in circuit sky130_ef_ip__samplehold (0)(48 instances)
Flattening unmatched subcell sky130_fd_pr__cap_mim_m3_2_VCAE9S in circuit sky130_ef_ip__samplehold (0)(48 instances)

Class sky130_ef_ip__samplehold (0):  Merged 94 parallel devices.
Subcircuit summary:
Circuit 1: sky130_ef_ip__samplehold        |Circuit 2: sky130_ef_ip__samplehold        
-------------------------------------------|-------------------------------------------
balanced_switch (1)                        |balanced_switch (1)                        
follower_amp (2)                           |follower_amp (2)                           
sky130_fd_sc_hvl__lsbuflv2hv_1 (2)         |sky130_fd_sc_hvl__lsbuflv2hv_1 (2)         
sky130_fd_pr__diode_pw2nd_05v5 (2)         |sky130_fd_pr__diode_pw2nd_05v5 (2)         
sky130_fd_pr__cap_mim_m3_1 (48->1)         |sky130_fd_pr__cap_mim_m3_1 (48->1)         
sky130_fd_pr__cap_mim_m3_2 (48->1)         |sky130_fd_pr__cap_mim_m3_2 (48->1)         
Number of devices: 9                       |Number of devices: 9                       
Number of nets: 12                         |Number of nets: 12                         
---------------------------------------------------------------------------------------
Netlists match uniquely.

Subcircuit pins:
Circuit 1: sky130_ef_ip__samplehold        |Circuit 2: sky130_ef_ip__samplehold        
-------------------------------------------|-------------------------------------------
dvss                                       |dvss                                       
out                                        |out                                        
in                                         |in                                         
vss                                        |vss                                        
vdd                                        |vdd                                        
hold                                       |hold                                       
dvdd                                       |dvdd                                       
ena                                        |ena                                        
---------------------------------------------------------------------------------------
Cell pin lists are equivalent.
Device classes sky130_ef_ip__samplehold and sky130_ef_ip__samplehold are equivalent.

Final result: Circuits match uniquely.
.
